---Colocalization Automation Pipeline Log File---Loading required package: data.table
Loading required package: dplyr

Attaching package: ‘dplyr’

The following objects are masked from ‘package:data.table’:

    between, first, last

The following objects are masked from ‘package:stats’:

    filter, lag

The following objects are masked from ‘package:base’:

    intersect, setdiff, setequal, union

Loading required package: coloc
This is coloc version 5.2.3
Loading required package: hash
hash-2.2.6.3 provided by Decision Patterns


Attaching package: ‘hash’

The following object is masked from ‘package:data.table’:

    copy

Loading required package: optparse
Loading required package: R.utils
Loading required package: R.oo
Loading required package: R.methodsS3
R.methodsS3 v1.8.2 (2022-06-13 22:00:14 UTC) successfully loaded. See ?R.methodsS3 for help.
R.oo v1.27.0 (2024-11-01 18:00:02 UTC) successfully loaded. See ?R.oo for help.

Attaching package: ‘R.oo’

The following object is masked from ‘package:R.methodsS3’:

    throw

The following objects are masked from ‘package:methods’:

    getClasses, getMethods

The following objects are masked from ‘package:base’:

    attach, detach, load, save

R.utils v2.13.0 (2025-02-24 21:20:02 UTC) successfully loaded. See ?R.utils for help.

Attaching package: ‘R.utils’

The following object is masked from ‘package:utils’:

    timestamp

The following objects are masked from ‘package:base’:

    cat, commandArgs, getOption, isOpen, nullfile, parse, warnings

Loading required package: stringr
Obtaining command line arguments...
Reading in genes of intrest...
Reading in data...
Skipping gene NotAGene as it is not found in seqID mapping
Skipping gene NotAGene2 as it is not found in seqID mapping
